INFO:    User not listed in /etc/subuid, trying root-mapped namespace
INFO:    Using fakeroot command combined with root-mapped namespace
INFO:    Environment variable SINGULARITYENV_containerdir is set, but APPTAINERENV_containerdir is preferred
--2025-10-17 16:42:46--  https://docs.qiime2.org/jupyterbooks/cancer-microbiome-intervention-tutorial/data/030-tutorial-downstream/010-filtering/feature-table.qza
Resolving docs.qiime2.org (docs.qiime2.org)... 172.67.186.144, 104.21.84.49, 2606:4700:3035::ac43:ba90, ...
Connecting to docs.qiime2.org (docs.qiime2.org)|172.67.186.144|:443... connected.
HTTP request sent, awaiting response... 200 OK
Length: 6907631 (6.6M) [application/octet-stream]
Saving to: ‘feature-table.qza’

     0K .......... .......... .......... .......... ..........  0%  673K 10s
    50K .......... .......... .......... .......... ..........  1%  639K 10s
   100K .......... .......... .......... .......... ..........  2%  411M 7s
   150K .......... .......... .......... .......... ..........  2%  282M 5s
   200K .......... .......... .......... .......... ..........  3%  670K 6s
   250K .......... .......... .......... .......... ..........  4%  158M 5s
   300K .......... .......... .......... .......... ..........  5%  158M 4s
   350K .......... .......... .......... .......... ..........  5% 20.1M 4s
   400K .......... .......... .......... .......... ..........  6%  681K 4s
   450K .......... .......... .......... .......... ..........  7%  368M 4s
   500K .......... .......... .......... .......... ..........  8%  145M 3s
   550K .......... .......... .......... .......... ..........  8%  185M 3s
   600K .......... .......... .......... .......... ..........  9%  225M 3s
   650K .......... .......... .......... .......... .......... 10%  417M 3s
   700K .......... .......... .......... .......... .......... 11% 64.0M 2s
   750K .......... .......... .......... .......... .......... 11%  152M 2s
   800K .......... .......... .......... .......... .......... 12%  270M 2s
   850K .......... .......... .......... .......... .......... 13%  671K 2s
   900K .......... .......... .......... .......... .......... 14% 74.0M 2s
   950K .......... .......... .......... .......... .......... 14%  242M 2s
  1000K .......... .......... .......... .......... .......... 15%  491M 2s
  1050K .......... .......... .......... .......... .......... 16%  190M 2s
  1100K .......... .......... .......... .......... .......... 17%  235M 2s
  1150K .......... .......... .......... .......... .......... 17%  152M 2s
  1200K .......... .......... .......... .......... .......... 18%  282M 2s
  1250K .......... .......... .......... .......... .......... 19%  270M 2s
  1300K .......... .......... .......... .......... .......... 20%  145M 2s
  1350K .......... .......... .......... .......... .......... 20%  276M 1s
  1400K .......... .......... .......... .......... .......... 21%  193M 1s
  1450K .......... .......... .......... .......... .......... 22%  226M 1s
  1500K .......... .......... .......... .......... .......... 22%  287M 1s
  1550K .......... .......... .......... .......... .......... 23%  142M 1s
  1600K .......... .......... .......... .......... .......... 24%  174M 1s
  1650K .......... .......... .......... .......... .......... 25%  340M 1s
  1700K .......... .......... .......... .......... .......... 25%  254M 1s
  1750K .......... .......... .......... .......... .......... 26%  694K 1s
  1800K .......... .......... .......... .......... .......... 27%  148M 1s
  1850K .......... .......... .......... .......... .......... 28%  413M 1s
  1900K .......... .......... .......... .......... .......... 28%  629M 1s
  1950K .......... .......... .......... .......... .......... 29%  153M 1s
  2000K .......... .......... .......... .......... .......... 30%  380M 1s
  2050K .......... .......... .......... .......... .......... 31%  587M 1s
  2100K .......... .......... .......... .......... .......... 31%  549M 1s
  2150K .......... .......... .......... .......... .......... 32% 39.2M 1s
  2200K .......... .......... .......... .......... .......... 33%  372M 1s
  2250K .......... .......... .......... .......... .......... 34%  526M 1s
  2300K .......... .......... .......... .......... .......... 34%  455M 1s
  2350K .......... .......... .......... .......... .......... 35%  363M 1s
  2400K .......... .......... .......... .......... .......... 36% 86.9M 1s
  2450K .......... .......... .......... .......... .......... 37%  541M 1s
  2500K .......... .......... .......... .......... .......... 37%  452M 1s
  2550K .......... .......... .......... .......... .......... 38%  588M 1s
  2600K .......... .......... .......... .......... .......... 39%  608M 1s
  2650K .......... .......... .......... .......... .......... 40% 52.7M 1s
  2700K .......... .......... .......... .......... .......... 40%  389M 1s
  2750K .......... .......... .......... .......... .......... 41%  129M 1s
  2800K .......... .......... .......... .......... .......... 42%  589M 1s
  2850K .......... .......... .......... .......... .......... 42%  502M 1s
  2900K .......... .......... .......... .......... .......... 43%  544M 1s
  2950K .......... .......... .......... .......... .......... 44%  614M 1s
  3000K .......... .......... .......... .......... .......... 45%  619M 1s
  3050K .......... .......... .......... .......... .......... 45%  464M 1s
  3100K .......... .......... .......... .......... .......... 46%  580M 1s
  3150K .......... .......... .......... .......... .......... 47%  461M 1s
  3200K .......... .......... .......... .......... .......... 48%  437M 0s
  3250K .......... .......... .......... .......... .......... 48%  633M 0s
  3300K .......... .......... .......... .......... .......... 49%  560M 0s
  3350K .......... .......... .......... .......... .......... 50%  456M 0s
  3400K .......... .......... .......... .......... .......... 51%  623M 0s
  3450K .......... .......... .......... .......... .......... 51%  581M 0s
  3500K .......... .......... .......... .......... .......... 52%  623M 0s
  3550K .......... .......... .......... .......... .......... 53%  715K 0s
  3600K .......... .......... .......... .......... .......... 54%  285M 0s
  3650K .......... .......... .......... .......... .......... 54% 72.0M 0s
  3700K .......... .......... .......... .......... .......... 55%  463M 0s
  3750K .......... .......... .......... .......... .......... 56%  236M 0s
  3800K .......... .......... .......... .......... .......... 57%  533M 0s
  3850K .......... .......... .......... .......... .......... 57%  110M 0s
  3900K .......... .......... .......... .......... .......... 58%  397M 0s
  3950K .......... .......... .......... .......... .......... 59%  411M 0s
  4000K .......... .......... .......... .......... .......... 60%  334M 0s
  4050K .......... .......... .......... .......... .......... 60%  558M 0s
  4100K .......... .......... .......... .......... .......... 61%  602M 0s
  4150K .......... .......... .......... .......... .......... 62%  597M 0s
  4200K .......... .......... .......... .......... .......... 63%  209M 0s
  4250K .......... .......... .......... .......... .......... 63%  118M 0s
  4300K .......... .......... .......... .......... .......... 64% 32.3M 0s
  4350K .......... .......... .......... .......... .......... 65%  132M 0s
  4400K .......... .......... .......... .......... .......... 65%  355M 0s
  4450K .......... .......... .......... .......... .......... 66%  577M 0s
  4500K .......... .......... .......... .......... .......... 67%  557M 0s
  4550K .......... .......... .......... .......... .......... 68%  543M 0s
  4600K .......... .......... .......... .......... .......... 68%  633M 0s
  4650K .......... .......... .......... .......... .......... 69%  593M 0s
  4700K .......... .......... .......... .......... .......... 70%  669M 0s
  4750K .......... .......... .......... .......... .......... 71%  518M 0s
  4800K .......... .......... .......... .......... .......... 71%  678M 0s
  4850K .......... .......... .......... .......... .......... 72%  647M 0s
  4900K .......... .......... .......... .......... .......... 73%  108M 0s
  4950K .......... .......... .......... .......... .......... 74%  606M 0s
  5000K .......... .......... .......... .......... .......... 74%  568M 0s
  5050K .......... .......... .......... .......... .......... 75%  588M 0s
  5100K .......... .......... .......... .......... .......... 76%  582M 0s
  5150K .......... .......... .......... .......... .......... 77%  456M 0s
  5200K .......... .......... .......... .......... .......... 77%  591M 0s
  5250K .......... .......... .......... .......... .......... 78%  600M 0s
  5300K .......... .......... .......... .......... .......... 79%  567M 0s
  5350K .......... .......... .......... .......... .......... 80%  646M 0s
  5400K .......... .......... .......... .......... .......... 80%  171M 0s
  5450K .......... .......... .......... .......... .......... 81%  523M 0s
  5500K .......... .......... .......... .......... .......... 82%  571M 0s
  5550K .......... .......... .......... .......... .......... 83%  482M 0s
  5600K .......... .......... .......... .......... .......... 83%  348M 0s
  5650K .......... .......... .......... .......... .......... 84%  547M 0s
  5700K .......... .......... .......... .......... .......... 85%  625M 0s
  5750K .......... .......... .......... .......... .......... 85%  646M 0s
  5800K .......... .......... .......... .......... .......... 86%  110M 0s
  5850K .......... .......... .......... .......... .......... 87%  608M 0s
  5900K .......... .......... .......... .......... .......... 88% 89.7M 0s
  5950K .......... .......... .......... .......... .......... 88%  339M 0s
  6000K .......... .......... .......... .......... .......... 89%  508M 0s
  6050K .......... .......... .......... .......... .......... 90%  145M 0s
  6100K .......... .......... .......... .......... .......... 91%  555M 0s
  6150K .......... .......... .......... .......... .......... 91%  588M 0s
  6200K .......... .......... .......... .......... .......... 92%  499M 0s
  6250K .......... .......... .......... .......... .......... 93%  520M 0s
  6300K .......... .......... .......... .......... .......... 94%  576M 0s
  6350K .......... .......... .......... .......... .......... 94%  141M 0s
  6400K .......... .......... .......... .......... .......... 95%  585M 0s
  6450K .......... .......... .......... .......... .......... 96%  599M 0s
  6500K .......... .......... .......... .......... .......... 97%  640M 0s
  6550K .......... .......... .......... .......... .......... 97%  138M 0s
  6600K .......... .......... .......... .......... .......... 98%  387M 0s
  6650K .......... .......... .......... .......... .......... 99%  139M 0s
  6700K .......... .......... .......... .......... .....     100%  413M=0.5s

2025-10-17 16:42:47 (12.1 MB/s) - ‘feature-table.qza’ saved [6907631/6907631]

--2025-10-17 16:42:47--  https://docs.qiime2.org/jupyterbooks/cancer-microbiome-intervention-tutorial/data/030-tutorial-downstream/010-filtering/rep-seqs.qza
Resolving docs.qiime2.org (docs.qiime2.org)... 104.21.84.49, 172.67.186.144, 2606:4700:3035::ac43:ba90, ...
Connecting to docs.qiime2.org (docs.qiime2.org)|104.21.84.49|:443... connected.
HTTP request sent, awaiting response... 200 OK
Length: 1076460 (1.0M) [application/octet-stream]
Saving to: ‘rep-seqs.qza’

     0K .......... .......... .......... .......... ..........  4%  696K 1s
    50K .......... .......... .......... .......... ..........  9%  657K 1s
   100K .......... .......... .......... .......... .......... 14%  161M 1s
   150K .......... .......... .......... .......... .......... 19%  117M 1s
   200K .......... .......... .......... .......... .......... 23%  664K 1s
   250K .......... .......... .......... .......... .......... 28%  636M 1s
   300K .......... .......... .......... .......... .......... 33%  142M 0s
   350K .......... .......... .......... .......... .......... 38%  209M 0s
   400K .......... .......... .......... .......... .......... 42%  688K 0s
   450K .......... .......... .......... .......... .......... 47%  185M 0s
   500K .......... .......... .......... .......... .......... 52%  650M 0s
   550K .......... .......... .......... .......... .......... 57% 61.3M 0s
   600K .......... .......... .......... .......... .......... 61%  232M 0s
   650K .......... .......... .......... .......... .......... 66%  212M 0s
   700K .......... .......... .......... .......... .......... 71%  142M 0s
   750K .......... .......... .......... .......... .......... 76%  257M 0s
   800K .......... .......... .......... .......... .......... 80%  343M 0s
   850K .......... .......... .......... .......... .......... 85%  675K 0s
   900K .......... .......... .......... .......... .......... 90%  469M 0s
   950K .......... .......... .......... .......... .......... 95%  256M 0s
  1000K .......... .......... .......... .......... .......... 99%  226M 0s
  1050K .                                                     100% 2.29T=0.4s

2025-10-17 16:42:48 (2.74 MB/s) - ‘rep-seqs.qza’ saved [1076460/1076460]

/opt/conda/envs/qiime2-amplicon-2025.7/lib/python3.10/site-packages/q2_demux/_summarize/_visualizer.py:11: UserWarning: pkg_resources is deprecated as an API. See https://setuptools.pypa.io/en/latest/pkg_resources.html. The pkg_resources package is slated for removal as early as 2025-11-30. Refrain from using this package or pin to Setuptools<81.
  import pkg_resources
There was an issue with loading the file sample-metadata.tsv as metadata:

  Metadata file path doesn't exist, or the path points to something other than a file. Please check that the path exists, has read permissions, and points to a regular file (not a directory): sample-metadata.tsv

  There may be more errors present in the metadata file. To get a full report, sample/feature metadata files can be validated with Keemei: https://keemei.qiime2.org

  Find details on QIIME 2 metadata requirements here: https://docs.qiime2.org/2025.7/tutorials/metadata/

/opt/conda/envs/qiime2-amplicon-2025.7/lib/python3.10/site-packages/q2_demux/_summarize/_visualizer.py:11: UserWarning: pkg_resources is deprecated as an API. See https://setuptools.pypa.io/en/latest/pkg_resources.html. The pkg_resources package is slated for removal as early as 2025-11-30. Refrain from using this package or pin to Setuptools<81.
  import pkg_resources
Saved Visualization to: rep-seqs.qzv
/opt/conda/envs/qiime2-amplicon-2025.7/lib/python3.10/site-packages/q2_demux/_summarize/_visualizer.py:11: UserWarning: pkg_resources is deprecated as an API. See https://setuptools.pypa.io/en/latest/pkg_resources.html. The pkg_resources package is slated for removal as early as 2025-11-30. Refrain from using this package or pin to Setuptools<81.
  import pkg_resources
There was an issue with loading the file sample-metadata.tsv as metadata:

  Metadata file path doesn't exist, or the path points to something other than a file. Please check that the path exists, has read permissions, and points to a regular file (not a directory): sample-metadata.tsv

  There may be more errors present in the metadata file. To get a full report, sample/feature metadata files can be validated with Keemei: https://keemei.qiime2.org

  Find details on QIIME 2 metadata requirements here: https://docs.qiime2.org/2025.7/tutorials/metadata/

/opt/conda/envs/qiime2-amplicon-2025.7/lib/python3.10/site-packages/q2_demux/_summarize/_visualizer.py:11: UserWarning: pkg_resources is deprecated as an API. See https://setuptools.pypa.io/en/latest/pkg_resources.html. The pkg_resources package is slated for removal as early as 2025-11-30. Refrain from using this package or pin to Setuptools<81.
  import pkg_resources
There was an issue with loading the file sample-metadata.tsv as metadata:

  Metadata file path doesn't exist, or the path points to something other than a file. Please check that the path exists, has read permissions, and points to a regular file (not a directory): sample-metadata.tsv

  There may be more errors present in the metadata file. To get a full report, sample/feature metadata files can be validated with Keemei: https://keemei.qiime2.org

  Find details on QIIME 2 metadata requirements here: https://docs.qiime2.org/2025.7/tutorials/metadata/

/opt/conda/envs/qiime2-amplicon-2025.7/lib/python3.10/site-packages/q2_demux/_summarize/_visualizer.py:11: UserWarning: pkg_resources is deprecated as an API. See https://setuptools.pypa.io/en/latest/pkg_resources.html. The pkg_resources package is slated for removal as early as 2025-11-30. Refrain from using this package or pin to Setuptools<81.
  import pkg_resources
There was an issue with loading the file sample-metadata.tsv as metadata:

  Metadata file path doesn't exist, or the path points to something other than a file. Please check that the path exists, has read permissions, and points to a regular file (not a directory): sample-metadata.tsv

  There may be more errors present in the metadata file. To get a full report, sample/feature metadata files can be validated with Keemei: https://keemei.qiime2.org

  Find details on QIIME 2 metadata requirements here: https://docs.qiime2.org/2025.7/tutorials/metadata/

/opt/conda/envs/qiime2-amplicon-2025.7/lib/python3.10/site-packages/q2_demux/_summarize/_visualizer.py:11: UserWarning: pkg_resources is deprecated as an API. See https://setuptools.pypa.io/en/latest/pkg_resources.html. The pkg_resources package is slated for removal as early as 2025-11-30. Refrain from using this package or pin to Setuptools<81.
  import pkg_resources
Usage: qiime feature-table filter-features [OPTIONS]

  Filter features from table based on frequency and/or metadata. Any samples
  with a frequency of zero after feature filtering will also be removed.

Inputs:
  --i-table ARTIFACT FeatureTable[Frequency]
                         The feature table from which features should be
                         filtered.                                  [required]
Parameters:
  --p-min-frequency INTEGER
                         The minimum total frequency that a feature must have
                         to be retained.                          [default: 0]
  --p-max-frequency INTEGER
                         The maximum total frequency that a feature can have
                         to be retained. If no value is provided this will
                         default to infinity (i.e., no maximum frequency
                         filter will be applied).                   [optional]
  --p-min-samples INTEGER
                         The minimum number of samples that a feature must be
                         observed in to be retained.              [default: 0]
  --p-max-samples INTEGER
                         The maximum number of samples that a feature can be
                         observed in to be retained. If no value is provided
                         this will default to infinity (i.e., no maximum
                         sample filter will be applied).            [optional]
  --m-metadata-file METADATA...
    (multiple            Feature metadata used with `where` parameter when
     arguments will be   selecting features to retain, or with `exclude-ids`
     merged)             when selecting features to discard.        [optional]
  --p-where TEXT         SQLite WHERE clause specifying feature metadata
                         criteria that must be met to be included in the
                         filtered feature table. If not provided, all features
                         in `metadata` that are also in the feature table will
                         be retained.                               [optional]
  --p-exclude-ids / --p-no-exclude-ids
                         If true, the features selected by `metadata` or
                         `where` parameters will be excluded from the filtered
                         table instead of being retained.     [default: False]
  --p-filter-empty-samples / --p-no-filter-empty-samples
                         If true, drop any samples where none of the retained
                         features are present.                 [default: True]
  --p-allow-empty-table / --p-no-allow-empty-table
                         If true, the filtered table may be empty. Default
                         behavior is to raise an error if the filtered table
                         is empty.                            [default: False]
Outputs:
  --o-filtered-table ARTIFACT FeatureTable[Frequency]
                         The resulting feature table filtered by feature.
                                                                    [required]
Miscellaneous:
  --output-dir PATH      Output unspecified results to a directory
  --verbose / --quiet    Display verbose output to stdout and/or stderr
                         during execution of this action. Or silence output if
                         execution is successful (silence is golden).
  --example-data PATH    Write example data and exit.
  --citations            Show citations and exit.
  --use-cache DIRECTORY  Specify the cache to be used for the intermediate
                         work of this action. If not provided, the default
                         cache under $TMP/qiime2/<uname> will be used.
                         IMPORTANT FOR HPC USERS: If you are on an HPC system
                         and are using parallel execution it is important to
                         set this to a location that is globally accessible to
                         all nodes in the cluster.
  --help                 Show this message and exit.

Examples:
  # ### example: filter features min samples
  qiime feature-table filter-features \
    --i-table feature-table.qza \
    --p-min-samples 2 \
    --o-filtered-table filtered-table.qza
  
  # ### example: filter features sequences
  # Retain only features that are represented in the collection of sequences
  # provided as metadata. This is useful, for example, for removing sequences
  # that are identified as chimeric. To learn about using Artifacts as
  # Metadata, as is performed here, see https://use.qiime2.org/en/latest/how-
  # to-guides/artifacts-as-metadata.html
  qiime feature-table filter-features \
    --i-table feature-table.qza \
    --m-metadata-file sequences.qza \
    --o-filtered-table filtered-table.qza
  

                    There was a problem with the command:                     
 (1/1) Invalid value for '--i-table': filtered-table-1.qza does not exist.
/opt/conda/envs/qiime2-amplicon-2025.7/lib/python3.10/site-packages/q2_demux/_summarize/_visualizer.py:11: UserWarning: pkg_resources is deprecated as an API. See https://setuptools.pypa.io/en/latest/pkg_resources.html. The pkg_resources package is slated for removal as early as 2025-11-30. Refrain from using this package or pin to Setuptools<81.
  import pkg_resources
Usage: qiime feature-table filter-seqs [OPTIONS]

  Filter features from sequences based on a feature table or metadata. This
  method can filter based on ids in a table or a metadata file, but not both
  (i.e., the table and metadata options are mutually exclusive).

Inputs:
  --i-data ARTIFACT FeatureData[Sequence¹ | AlignedSequence²]
                         The sequences from which features should be
                         filtered.                                  [required]
  --i-table ARTIFACT FeatureTable[Frequency]
                         Table containing feature ids used for id-based
                         filtering.                                 [optional]
Parameters:
  --m-metadata-file METADATA...
    (multiple            Feature metadata used for id-based filtering, with
     arguments will be   `where` parameter when selecting features to retain,
     merged)             or with `exclude-ids` when selecting features to
                         discard.                                   [optional]
  --p-where TEXT         SQLite WHERE clause specifying feature metadata
                         criteria that must be met to be included in the
                         filtered feature table. If not provided, all features
                         in `metadata` that are also in the sequences will be
                         retained.                                  [optional]
  --p-exclude-ids / --p-no-exclude-ids
                         If true, the features selected by the `metadata`
                         (with or without the `where` parameter) or `table`
                         parameter will be excluded from the filtered
                         sequences instead of being retained. [default: False]
Outputs:
  --o-filtered-data ARTIFACT FeatureData[Sequence¹ | AlignedSequence²]
                         The resulting filtered sequences.          [required]
Miscellaneous:
  --output-dir PATH      Output unspecified results to a directory
  --verbose / --quiet    Display verbose output to stdout and/or stderr
                         during execution of this action. Or silence output if
                         execution is successful (silence is golden).
  --example-data PATH    Write example data and exit.
  --citations            Show citations and exit.
  --use-cache DIRECTORY  Specify the cache to be used for the intermediate
                         work of this action. If not provided, the default
                         cache under $TMP/qiime2/<uname> will be used.
                         IMPORTANT FOR HPC USERS: If you are on an HPC system
                         and are using parallel execution it is important to
                         set this to a location that is globally accessible to
                         all nodes in the cluster.
  --help                 Show this message and exit.

                    There was a problem with the command:                     
 (1/1) Invalid value for '--i-table': filtered-table-2.qza does not exist.
--2025-10-17 16:46:12--  https://docs.qiime2.org/jupyterbooks/cancer-microbiome-intervention-tutorial/data/030-tutorial-downstream/020-taxonomy/gg-13-8-99-515-806-nb-classifier.qza
Resolving docs.qiime2.org (docs.qiime2.org)... 104.21.84.49, 172.67.186.144, 2606:4700:3035::ac43:ba90, ...
Connecting to docs.qiime2.org (docs.qiime2.org)|104.21.84.49|:443... connected.
HTTP request sent, awaiting response... 200 OK
Length: 2334033 (2.2M) [application/octet-stream]
Saving to: ‘gg-13-8-99-515-806-nb-classifier.qza’

     0K .......... .......... .......... .......... ..........  2%  632K 4s
    50K .......... .......... .......... .......... ..........  4%  638K 3s
   100K .......... .......... .......... .......... ..........  6%  451M 2s
   150K .......... .......... .......... .......... ..........  8% 21.9M 2s
   200K .......... .......... .......... .......... .......... 10%  636K 2s
   250K .......... .......... .......... .......... .......... 13%  219M 2s
   300K .......... .......... .......... .......... .......... 15%  287M 1s
   350K .......... .......... .......... .......... .......... 17% 76.7M 1s
   400K .......... .......... .......... .......... .......... 19%  635K 1s
   450K .......... .......... .......... .......... .......... 21%  389M 1s
   500K .......... .......... .......... .......... .......... 24%  224M 1s
   550K .......... .......... .......... .......... .......... 26%  233M 1s
   600K .......... .......... .......... .......... .......... 28% 92.4M 1s
   650K .......... .......... .......... .......... .......... 30%  249M 1s
   700K .......... .......... .......... .......... .......... 32%  244M 1s
   750K .......... .......... .......... .......... .......... 35% 40.9M 1s
   800K .......... .......... .......... .......... .......... 37%  233M 1s
   850K .......... .......... .......... .......... .......... 39%  657K 1s
   900K .......... .......... .......... .......... .......... 41%  331M 1s
   950K .......... .......... .......... .......... .......... 43% 96.3M 1s
  1000K .......... .......... .......... .......... .......... 46%  193M 0s
  1050K .......... .......... .......... .......... .......... 48% 57.8M 0s
  1100K .......... .......... .......... .......... .......... 50%  283M 0s
  1150K .......... .......... .......... .......... .......... 52%  125M 0s
  1200K .......... .......... .......... .......... .......... 54%  272M 0s
  1250K .......... .......... .......... .......... .......... 57%  215M 0s
  1300K .......... .......... .......... .......... .......... 59% 47.2M 0s
  1350K .......... .......... .......... .......... .......... 61%  266M 0s
  1400K .......... .......... .......... .......... .......... 63%  218M 0s
  1450K .......... .......... .......... .......... .......... 65%  245M 0s
  1500K .......... .......... .......... .......... .......... 68%  212M 0s
  1550K .......... .......... .......... .......... .......... 70%  162M 0s
  1600K .......... .......... .......... .......... .......... 72%  227M 0s
  1650K .......... .......... .......... .......... .......... 74%  180M 0s
  1700K .......... .......... .......... .......... .......... 76%  667M 0s
  1750K .......... .......... .......... .......... .......... 78%  679K 0s
  1800K .......... .......... .......... .......... .......... 81% 54.8M 0s
  1850K .......... .......... .......... .......... .......... 83%  119M 0s
  1900K .......... .......... .......... .......... .......... 85%  258M 0s
  1950K .......... .......... .......... .......... .......... 87%  219M 0s
  2000K .......... .......... .......... .......... .......... 89%  384M 0s
  2050K .......... .......... .......... .......... .......... 92%  215M 0s
  2100K .......... .......... .......... .......... .......... 94%  181M 0s
  2150K .......... .......... .......... .......... .......... 96%  184M 0s
  2200K .......... .......... .......... .......... .......... 98%  210M 0s
  2250K .......... .......... .........                       100%  209M=0.5s

2025-10-17 16:46:12 (4.64 MB/s) - ‘gg-13-8-99-515-806-nb-classifier.qza’ saved [2334033/2334033]

/opt/conda/envs/qiime2-amplicon-2025.7/lib/python3.10/site-packages/q2_demux/_summarize/_visualizer.py:11: UserWarning: pkg_resources is deprecated as an API. See https://setuptools.pypa.io/en/latest/pkg_resources.html. The pkg_resources package is slated for removal as early as 2025-11-30. Refrain from using this package or pin to Setuptools<81.
  import pkg_resources
Usage: qiime feature-classifier classify-sklearn [OPTIONS]

  Classify reads by taxon using a fitted classifier.

Inputs:
  --i-reads ARTIFACT FeatureData[Sequence]
                         The feature data to be classified.         [required]
  --i-classifier ARTIFACT
    TaxonomicClassifier  The taxonomic classifier for classifying the reads.
                                                                    [required]
Parameters:
  --p-reads-per-batch VALUE Int % Range(1, None) | Str % Choices('auto')
                         Number of reads to process in each batch. If "auto",
                         this parameter is autoscaled to min( number of query
                         sequences / n-jobs, 20000).         [default: 'auto']
  --p-n-jobs NTHREADS    The maximum number of concurrent worker processes.
                         If 0 all CPUs are used. If 1 is given, no parallel
                         computing code is used at all, which is useful for
                         debugging.                               [default: 1]
  --p-pre-dispatch TEXT  "all" or expression, as in "3*n_jobs". The number of
                         batches (of tasks) to be pre-dispatched.
                                                         [default: '2*n_jobs']
  --p-confidence VALUE Float % Range(0, 1, inclusive_end=True) | Str %
    Choices('disable')   Confidence threshold for limiting taxonomic depth.
                         Set to "disable" to disable confidence calculation,
                         or 0 to calculate confidence but not apply it to
                         limit the taxonomic depth of the assignments.
                                                                [default: 0.7]
  --p-read-orientation TEXT Choices('same', 'reverse-complement', 'auto',
    'both')              Direction of reads with respect to reference
                         sequences. same will cause reads to be classified
                         unchanged; reverse-complement will cause reads to be
                         reversed and complemented prior to classification.
                         Both will classify sequences unchanged and in
                         reverse-complement and retain the classification with
                         higher confidence. auto will autodetect orientation
                         based on the confidence estimates for the first 100
                         reads.                              [default: 'auto']
Outputs:
  --o-classification ARTIFACT FeatureData[Taxonomy]
                                                                    [required]
Miscellaneous:
  --output-dir PATH      Output unspecified results to a directory
  --verbose / --quiet    Display verbose output to stdout and/or stderr
                         during execution of this action. Or silence output if
                         execution is successful (silence is golden).
  --example-data PATH    Write example data and exit.
  --citations            Show citations and exit.
  --use-cache DIRECTORY  Specify the cache to be used for the intermediate
                         work of this action. If not provided, the default
                         cache under $TMP/qiime2/<uname> will be used.
                         IMPORTANT FOR HPC USERS: If you are on an HPC system
                         and are using parallel execution it is important to
                         set this to a location that is globally accessible to
                         all nodes in the cluster.
  --help                 Show this message and exit.

                    There was a problem with the command:                     
 (1/1) Invalid value for '--i-reads': filtered-sequences-1.qza does not exist.
/opt/conda/envs/qiime2-amplicon-2025.7/lib/python3.10/site-packages/q2_demux/_summarize/_visualizer.py:11: UserWarning: pkg_resources is deprecated as an API. See https://setuptools.pypa.io/en/latest/pkg_resources.html. The pkg_resources package is slated for removal as early as 2025-11-30. Refrain from using this package or pin to Setuptools<81.
  import pkg_resources
There was an issue with loading the file taxonomy.qza as metadata:

  Metadata file path doesn't exist, or the path points to something other than a file. Please check that the path exists, has read permissions, and points to a regular file (not a directory): taxonomy.qza

  There may be more errors present in the metadata file. To get a full report, sample/feature metadata files can be validated with Keemei: https://keemei.qiime2.org

  Find details on QIIME 2 metadata requirements here: https://docs.qiime2.org/2025.7/tutorials/metadata/

/opt/conda/envs/qiime2-amplicon-2025.7/lib/python3.10/site-packages/q2_demux/_summarize/_visualizer.py:11: UserWarning: pkg_resources is deprecated as an API. See https://setuptools.pypa.io/en/latest/pkg_resources.html. The pkg_resources package is slated for removal as early as 2025-11-30. Refrain from using this package or pin to Setuptools<81.
  import pkg_resources
Usage: qiime taxa filter-table [OPTIONS]

  This method filters features from a table based on their taxonomic
  annotations. Features can be retained in the resulting table by specifying
  one or more include search terms, and can be filtered out of the resulting
  table by specifying one or more exclude search terms. If both include and
  exclude are provided, the inclusion critera will be applied before the
  exclusion critera. Either include or exclude terms (or both) must be
  provided. Any samples that have a total frequency of zero after filtering
  will be removed from the resulting table.

Inputs:
  --i-table ARTIFACT FeatureTable[Frequency¹ | PresenceAbsence²]
                         Feature table to be filtered.              [required]
  --i-taxonomy ARTIFACT FeatureData[Taxonomy]
                         Taxonomic annotations for features in the provided
                         feature table. All features in the feature table must
                         have a corresponding taxonomic annotation. Taxonomic
                         annotations for features that are not present in the
                         feature table will be ignored.             [required]
Parameters:
  --p-include TEXT       One or more search terms that indicate which taxa
                         should be included in the resulting table. If
                         providing more than one term, terms should be
                         delimited by the query-delimiter character. By
                         default, all taxa will be included.        [optional]
  --p-exclude TEXT       One or more search terms that indicate which taxa
                         should be excluded from the resulting table. If
                         providing more than one term, terms should be
                         delimited by the query-delimiter character. By
                         default, no taxa will be excluded.         [optional]
  --p-query-delimiter TEXT
                         The string used to delimit multiple search terms
                         provided to include or exclude. This parameter should
                         only need to be modified if the default delimiter (a
                         comma) is used in the provided taxonomic annotations.
                                                                [default: ',']
  --p-mode TEXT Choices('exact', 'contains')
                         Mode for determining if a search term matches a
                         taxonomic annotation. "contains" requires that the
                         annotation has the term as a substring; "exact"
                         requires that the annotation is a perfect match to a
                         search term.                    [default: 'contains']
Outputs:
  --o-filtered-table ARTIFACT FeatureTable[Frequency¹ | PresenceAbsence²]
                         The taxonomy-filtered feature table.       [required]
Miscellaneous:
  --output-dir PATH      Output unspecified results to a directory
  --verbose / --quiet    Display verbose output to stdout and/or stderr
                         during execution of this action. Or silence output if
                         execution is successful (silence is golden).
  --example-data PATH    Write example data and exit.
  --citations            Show citations and exit.
  --use-cache DIRECTORY  Specify the cache to be used for the intermediate
                         work of this action. If not provided, the default
                         cache under $TMP/qiime2/<uname> will be used.
                         IMPORTANT FOR HPC USERS: If you are on an HPC system
                         and are using parallel execution it is important to
                         set this to a location that is globally accessible to
                         all nodes in the cluster.
  --help                 Show this message and exit.

                  There were some problems with the command:                  
 (1/2) Invalid value for '--i-table': filtered-table-2.qza does not exist.
 (2/2) Invalid value for '--i-taxonomy': taxonomy.qza does not exist.
/opt/conda/envs/qiime2-amplicon-2025.7/lib/python3.10/site-packages/q2_demux/_summarize/_visualizer.py:11: UserWarning: pkg_resources is deprecated as an API. See https://setuptools.pypa.io/en/latest/pkg_resources.html. The pkg_resources package is slated for removal as early as 2025-11-30. Refrain from using this package or pin to Setuptools<81.
  import pkg_resources
Usage: qiime feature-table filter-samples [OPTIONS]

  Filter samples from table based on frequency and/or metadata. Any features
  with a frequency of zero after sample filtering will also be removed.

Inputs:
  --i-table ARTIFACT FeatureTable[Frequency¹ | RelativeFrequency² |
    PresenceAbsence³ | Composition⁴]
                         The feature table from which samples should be
                         filtered.                                  [required]
Parameters:
  --p-min-frequency INTEGER
                         The minimum total frequency that a sample must have
                         to be retained.                          [default: 0]
  --p-max-frequency INTEGER
                         The maximum total frequency that a sample can have
                         to be retained. If no value is provided this will
                         default to infinity (i.e., no maximum frequency
                         filter will be applied).                   [optional]
  --p-min-features INTEGER
                         The minimum number of features that a sample must
                         have to be retained.                     [default: 0]
  --p-max-features INTEGER
                         The maximum number of features that a sample can
                         have to be retained. If no value is provided this
                         will default to infinity (i.e., no maximum feature
                         filter will be applied).                   [optional]
  --m-metadata-file METADATA...
    (multiple            Sample metadata used with `where` parameter when
     arguments will be   selecting samples to retain, or with `exclude-ids`
     merged)             when selecting samples to discard.         [optional]
  --p-where TEXT         SQLite WHERE clause specifying sample metadata
                         criteria that must be met to be included in the
                         filtered feature table. If not provided, all samples
                         in `metadata` that are also in the feature table will
                         be retained.                               [optional]
  --p-exclude-ids / --p-no-exclude-ids
                         If true, the samples selected by `metadata` or
                         `where` parameters will be excluded from the filtered
                         table instead of being retained.     [default: False]
  --p-filter-empty-features / --p-no-filter-empty-features
                         If true, features which are not present in any
                         retained samples are dropped.         [default: True]
  --p-allow-empty-table / --p-no-allow-empty-table
                         If true, the filtered table may be empty. Default
                         behavior is to raise an error if the filtered table
                         is empty.                            [default: False]
Outputs:
  --o-filtered-table ARTIFACT FeatureTable[Frequency¹ | RelativeFrequency²
    | PresenceAbsence³ | Composition⁴]
                         The resulting feature table filtered by sample.
                                                                    [required]
Miscellaneous:
  --output-dir PATH      Output unspecified results to a directory
  --verbose / --quiet    Display verbose output to stdout and/or stderr
                         during execution of this action. Or silence output if
                         execution is successful (silence is golden).
  --example-data PATH    Write example data and exit.
  --citations            Show citations and exit.
  --use-cache DIRECTORY  Specify the cache to be used for the intermediate
                         work of this action. If not provided, the default
                         cache under $TMP/qiime2/<uname> will be used.
                         IMPORTANT FOR HPC USERS: If you are on an HPC system
                         and are using parallel execution it is important to
                         set this to a location that is globally accessible to
                         all nodes in the cluster.
  --help                 Show this message and exit.

Examples:
  # ### example: filter to subject1
  qiime feature-table filter-samples \
    --i-table feature-table.qza \
    --m-metadata-file sample-metadata.tsv \
    --p-where '[subject]='"'"'subject-1'"'"'' \
    --o-filtered-table filtered-table.qza
  
  # ### example: filter to skin
  qiime feature-table filter-samples \
    --i-table feature-table.qza \
    --m-metadata-file sample-metadata.tsv \
    --p-where '[body-site] IN ('"'"'left palm'"'"', '"'"'right palm'"'"')' \
    --o-filtered-table filtered-table.qza
  
  # ### example: filter to subject1 gut
  qiime feature-table filter-samples \
    --i-table feature-table.qza \
    --m-metadata-file sample-metadata.tsv \
    --p-where '[subject]='"'"'subject-1'"'"' AND [body-site]='"'"'gut'"'"'' \
    --o-filtered-table filtered-table.qza
  
  # ### example: filter to gut or abx
  qiime feature-table filter-samples \
    --i-table feature-table.qza \
    --m-metadata-file sample-metadata.tsv \
    --p-where '[body-site]='"'"'gut'"'"' OR [reported-antibiotic-usage]='"'"'Yes'"'"'' \
    --o-filtered-table filtered-table.qza
  
  # ### example: filter to subject1 not gut
  qiime feature-table filter-samples \
    --i-table feature-table.qza \
    --m-metadata-file sample-metadata.tsv \
    --p-where '[subject]='"'"'subject-1'"'"' AND NOT [body-site]='"'"'gut'"'"'' \
    --o-filtered-table filtered-table.qza
  
  # ### example: filter min features
  qiime feature-table filter-samples \
    --i-table feature-table.qza \
    --p-min-features 10 \
    --o-filtered-table filtered-table.qza
  
  # ### example: filter min frequency
  qiime feature-table filter-samples \
    --i-table feature-table.qza \
    --p-min-frequency 1500 \
    --o-filtered-table filtered-table.qza
  

                    There was a problem with the command:                     
 (1/1) Invalid value for '--i-table': filtered-table-3.qza does not exist.
/opt/conda/envs/qiime2-amplicon-2025.7/lib/python3.10/site-packages/q2_demux/_summarize/_visualizer.py:11: UserWarning: pkg_resources is deprecated as an API. See https://setuptools.pypa.io/en/latest/pkg_resources.html. The pkg_resources package is slated for removal as early as 2025-11-30. Refrain from using this package or pin to Setuptools<81.
  import pkg_resources
Usage: qiime feature-table filter-seqs [OPTIONS]

  Filter features from sequences based on a feature table or metadata. This
  method can filter based on ids in a table or a metadata file, but not both
  (i.e., the table and metadata options are mutually exclusive).

Inputs:
  --i-data ARTIFACT FeatureData[Sequence¹ | AlignedSequence²]
                         The sequences from which features should be
                         filtered.                                  [required]
  --i-table ARTIFACT FeatureTable[Frequency]
                         Table containing feature ids used for id-based
                         filtering.                                 [optional]
Parameters:
  --m-metadata-file METADATA...
    (multiple            Feature metadata used for id-based filtering, with
     arguments will be   `where` parameter when selecting features to retain,
     merged)             or with `exclude-ids` when selecting features to
                         discard.                                   [optional]
  --p-where TEXT         SQLite WHERE clause specifying feature metadata
                         criteria that must be met to be included in the
                         filtered feature table. If not provided, all features
                         in `metadata` that are also in the sequences will be
                         retained.                                  [optional]
  --p-exclude-ids / --p-no-exclude-ids
                         If true, the features selected by the `metadata`
                         (with or without the `where` parameter) or `table`
                         parameter will be excluded from the filtered
                         sequences instead of being retained. [default: False]
Outputs:
  --o-filtered-data ARTIFACT FeatureData[Sequence¹ | AlignedSequence²]
                         The resulting filtered sequences.          [required]
Miscellaneous:
  --output-dir PATH      Output unspecified results to a directory
  --verbose / --quiet    Display verbose output to stdout and/or stderr
                         during execution of this action. Or silence output if
                         execution is successful (silence is golden).
  --example-data PATH    Write example data and exit.
  --citations            Show citations and exit.
  --use-cache DIRECTORY  Specify the cache to be used for the intermediate
                         work of this action. If not provided, the default
                         cache under $TMP/qiime2/<uname> will be used.
                         IMPORTANT FOR HPC USERS: If you are on an HPC system
                         and are using parallel execution it is important to
                         set this to a location that is globally accessible to
                         all nodes in the cluster.
  --help                 Show this message and exit.

                    There was a problem with the command:                     
 (1/1) Invalid value for '--i-table': filtered-table-4.qza does not exist.
/opt/conda/envs/qiime2-amplicon-2025.7/lib/python3.10/site-packages/q2_demux/_summarize/_visualizer.py:11: UserWarning: pkg_resources is deprecated as an API. See https://setuptools.pypa.io/en/latest/pkg_resources.html. The pkg_resources package is slated for removal as early as 2025-11-30. Refrain from using this package or pin to Setuptools<81.
  import pkg_resources
There was an issue with loading the file sample-metadata.tsv as metadata:

  Metadata file path doesn't exist, or the path points to something other than a file. Please check that the path exists, has read permissions, and points to a regular file (not a directory): sample-metadata.tsv

  There may be more errors present in the metadata file. To get a full report, sample/feature metadata files can be validated with Keemei: https://keemei.qiime2.org

  Find details on QIIME 2 metadata requirements here: https://docs.qiime2.org/2025.7/tutorials/metadata/

/opt/conda/envs/qiime2-amplicon-2025.7/lib/python3.10/site-packages/q2_demux/_summarize/_visualizer.py:11: UserWarning: pkg_resources is deprecated as an API. See https://setuptools.pypa.io/en/latest/pkg_resources.html. The pkg_resources package is slated for removal as early as 2025-11-30. Refrain from using this package or pin to Setuptools<81.
  import pkg_resources
Usage: qiime phylogeny align-to-tree-mafft-fasttree [OPTIONS]

  This pipeline will start by creating a sequence alignment using MAFFT, after
  which any alignment columns that are phylogenetically uninformative or
  ambiguously aligned will be removed (masked). The resulting masked alignment
  will be used to infer a phylogenetic tree and then subsequently rooted at
  its midpoint. Output files from each step of the pipeline will be saved.
  This includes both the unmasked and masked MAFFT alignment from q2-alignment
  methods, and both the rooted and unrooted phylogenies from q2-phylogeny
  methods.

Inputs:
  --i-sequences ARTIFACT FeatureData[Sequence]
                          The sequences to be used for creating a fasttree
                          based rooted phylogenetic tree.           [required]
Parameters:
  --p-n-threads NTHREADS  The number of threads. (Use `auto` to automatically
                          use all available cores) This value is used when
                          aligning the sequences and creating the tree with
                          fasttree.                               [default: 1]
  --p-mask-max-gap-frequency PROPORTION Range(0, 1, inclusive_end=True)
                          The maximum relative frequency of gap characters in
                          a column for the column to be retained. This
                          relative frequency must be a number between 0.0 and
                          1.0 (inclusive), where 0.0 retains only those
                          columns without gap characters, and 1.0 retains all
                          columns  regardless of gap character frequency. This
                          value is used when masking the aligned sequences.
                                                                [default: 1.0]
  --p-mask-min-conservation PROPORTION Range(0, 1, inclusive_end=True)
                          The minimum relative frequency of at least one
                          non-gap character in a column for that column to be
                          retained. This relative frequency must be a number
                          between 0.0 and 1.0 (inclusive). For example, if a
                          value of  0.4 is provided, a column will only be
                          retained  if it contains at least one character that
                          is present in at least 40% of the sequences. This
                          value is used when masking the aligned sequences.
                                                                [default: 0.4]
  --p-parttree / --p-no-parttree
                          This flag is required if the number of sequences
                          being aligned are larger than 1000000. Disabled by
                          default.                            [default: False]
Outputs:
  --o-alignment ARTIFACT FeatureData[AlignedSequence]
                          The aligned sequences.                    [required]
  --o-masked-alignment ARTIFACT FeatureData[AlignedSequence]
                          The masked alignment.                     [required]
  --o-tree ARTIFACT       The unrooted phylogenetic tree.
    Phylogeny[Unrooted]                                             [required]
  --o-rooted-tree ARTIFACT
    Phylogeny[Rooted]     The rooted phylogenetic tree.             [required]
Miscellaneous:
  --output-dir PATH       Output unspecified results to a directory
  --verbose / --quiet     Display verbose output to stdout and/or stderr
                          during execution of this action. Or silence output
                          if execution is successful (silence is golden).
  --recycle-pool TEXT     Use a cache pool for pipeline resumption. QIIME 2
                          will cache your results in this pool for reuse by
                          future invocations. These pool are retained until
                          deleted by the user. If not provided, QIIME 2 will
                          create a pool which is automatically reused by
                          invocations of the same action and removed if the
                          action is successful. Note: these pools are local to
                          the cache you are using.
  --no-recycle            Do not recycle results from a previous failed
                          pipeline run or save the results from this run for
                          future recycling.
  --parallel              Execute your action in parallel. This flag will use
                          your default parallel config.
  --parallel-config FILE  Execute your action in parallel using a config at
                          the indicated path.
  --example-data PATH     Write example data and exit.
  --citations             Show citations and exit.
  --use-cache DIRECTORY   Specify the cache to be used for the intermediate
                          work of this action. If not provided, the default
                          cache under $TMP/qiime2/<uname> will be used.
                          IMPORTANT FOR HPC USERS: If you are on an HPC system
                          and are using parallel execution it is important to
                          set this to a location that is globally accessible
                          to all nodes in the cluster.
  --help                  Show this message and exit.

Examples:
  # ### example: align to tree mafft fasttree
  qiime phylogeny align-to-tree-mafft-fasttree \
    --i-sequences rep-seqs.qza \
    --o-alignment aligned-rep-seqs.qza \
    --o-masked-alignment masked-aligned-rep-seqs.qza \
    --o-tree unrooted-tree.qza \
    --o-rooted-tree rooted-tree.qza
  

                    There was a problem with the command:                     
 (1/1) Invalid value for '--i-sequences': filtered-sequences-2.qza does not
  exist.
/opt/conda/envs/qiime2-amplicon-2025.7/lib/python3.10/site-packages/q2_demux/_summarize/_visualizer.py:11: UserWarning: pkg_resources is deprecated as an API. See https://setuptools.pypa.io/en/latest/pkg_resources.html. The pkg_resources package is slated for removal as early as 2025-11-30. Refrain from using this package or pin to Setuptools<81.
  import pkg_resources
There was an issue with loading the file sample-metadata.tsv as metadata:

  Metadata file path doesn't exist, or the path points to something other than a file. Please check that the path exists, has read permissions, and points to a regular file (not a directory): sample-metadata.tsv

  There may be more errors present in the metadata file. To get a full report, sample/feature metadata files can be validated with Keemei: https://keemei.qiime2.org

  Find details on QIIME 2 metadata requirements here: https://docs.qiime2.org/2025.7/tutorials/metadata/

/opt/conda/envs/qiime2-amplicon-2025.7/lib/python3.10/site-packages/q2_demux/_summarize/_visualizer.py:11: UserWarning: pkg_resources is deprecated as an API. See https://setuptools.pypa.io/en/latest/pkg_resources.html. The pkg_resources package is slated for removal as early as 2025-11-30. Refrain from using this package or pin to Setuptools<81.
  import pkg_resources
There was an issue with loading the file sample-metadata.tsv as metadata:

  Metadata file path doesn't exist, or the path points to something other than a file. Please check that the path exists, has read permissions, and points to a regular file (not a directory): sample-metadata.tsv

  There may be more errors present in the metadata file. To get a full report, sample/feature metadata files can be validated with Keemei: https://keemei.qiime2.org

  Find details on QIIME 2 metadata requirements here: https://docs.qiime2.org/2025.7/tutorials/metadata/

/opt/conda/envs/qiime2-amplicon-2025.7/lib/python3.10/site-packages/q2_demux/_summarize/_visualizer.py:11: UserWarning: pkg_resources is deprecated as an API. See https://setuptools.pypa.io/en/latest/pkg_resources.html. The pkg_resources package is slated for removal as early as 2025-11-30. Refrain from using this package or pin to Setuptools<81.
  import pkg_resources
There was an issue with loading the file sample-metadata.tsv as metadata:

  Metadata file path doesn't exist, or the path points to something other than a file. Please check that the path exists, has read permissions, and points to a regular file (not a directory): sample-metadata.tsv

  There may be more errors present in the metadata file. To get a full report, sample/feature metadata files can be validated with Keemei: https://keemei.qiime2.org

  Find details on QIIME 2 metadata requirements here: https://docs.qiime2.org/2025.7/tutorials/metadata/

