INFO:    User not listed in /etc/subuid, trying root-mapped namespace
INFO:    Using fakeroot command combined with root-mapped namespace
INFO:    Environment variable SINGULARITYENV_containerdir is set, but APPTAINERENV_containerdir is preferred
--2025-10-20 12:14:54--  https://docs.qiime2.org/jupyterbooks/cancer-microbiome-intervention-tutorial/data/030-tutorial-downstream/010-filtering/feature-table.qza
Resolving docs.qiime2.org (docs.qiime2.org)... 104.21.84.49, 172.67.186.144, 2606:4700:3035::ac43:ba90, ...
Connecting to docs.qiime2.org (docs.qiime2.org)|104.21.84.49|:443... connected.
HTTP request sent, awaiting response... 200 OK
Length: 6907631 (6.6M) [application/octet-stream]
Saving to: ‘feature-table.qza’

     0K .......... .......... .......... .......... ..........  0%  606K 11s
    50K .......... .......... .......... .......... ..........  1%  585K 11s
   100K .......... .......... .......... .......... ..........  2% 61.8M 7s
   150K .......... .......... .......... .......... ..........  2% 66.7M 6s
   200K .......... .......... .......... .......... ..........  3%  593K 7s
   250K .......... .......... .......... .......... ..........  4%  183M 5s
   300K .......... .......... .......... .......... ..........  5% 60.1M 5s
   350K .......... .......... .......... .......... ..........  5% 82.0M 4s
   400K .......... .......... .......... .......... ..........  6%  606K 5s
   450K .......... .......... .......... .......... ..........  7% 51.5M 4s
   500K .......... .......... .......... .......... ..........  8%  188M 4s
   550K .......... .......... .......... .......... ..........  8% 64.2M 3s
   600K .......... .......... .......... .......... ..........  9%  184M 3s
   650K .......... .......... .......... .......... .......... 10%  159M 3s
   700K .......... .......... .......... .......... .......... 11%  112M 3s
   750K .......... .......... .......... .......... .......... 11%  115M 3s
   800K .......... .......... .......... .......... .......... 12%  138M 2s
   850K .......... .......... .......... .......... .......... 13%  608K 3s
   900K .......... .......... .......... .......... .......... 14% 10.3M 3s
   950K .......... .......... .......... .......... .......... 14%  127M 2s
  1000K .......... .......... .......... .......... .......... 15%  187M 2s
  1050K .......... .......... .......... .......... .......... 16%  125M 2s
  1100K .......... .......... .......... .......... .......... 17%  194M 2s
  1150K .......... .......... .......... .......... .......... 17% 75.5M 2s
  1200K .......... .......... .......... .......... .......... 18% 51.3M 2s
  1250K .......... .......... .......... .......... .......... 19%  145M 2s
  1300K .......... .......... .......... .......... .......... 20%  290M 2s
  1350K .......... .......... .......... .......... .......... 20%  114M 2s
  1400K .......... .......... .......... .......... .......... 21%  116M 2s
  1450K .......... .......... .......... .......... .......... 22%  225M 2s
  1500K .......... .......... .......... .......... .......... 22%  228M 1s
  1550K .......... .......... .......... .......... .......... 23%  156M 1s
  1600K .......... .......... .......... .......... .......... 24%  131M 1s
  1650K .......... .......... .......... .......... .......... 25%  104M 1s
  1700K .......... .......... .......... .......... .......... 25%  239M 1s
  1750K .......... .......... .......... .......... .......... 26%  674K 1s
  1800K .......... .......... .......... .......... .......... 27%  374M 1s
  1850K .......... .......... .......... .......... .......... 28%  390M 1s
  1900K .......... .......... .......... .......... .......... 28% 21.3M 1s
  1950K .......... .......... .......... .......... .......... 29%  342M 1s
  2000K .......... .......... .......... .......... .......... 30%  648M 1s
  2050K .......... .......... .......... .......... .......... 31%  655M 1s
  2100K .......... .......... .......... .......... .......... 31%  679M 1s
  2150K .......... .......... .......... .......... .......... 32% 76.1M 1s
  2200K .......... .......... .......... .......... .......... 33%  224M 1s
  2250K .......... .......... .......... .......... .......... 34%  252M 1s
  2300K .......... .......... .......... .......... .......... 34%  675M 1s
  2350K .......... .......... .......... .......... .......... 35%  109M 1s
  2400K .......... .......... .......... .......... .......... 36%  298M 1s
  2450K .......... .......... .......... .......... .......... 37%  389M 1s
  2500K .......... .......... .......... .......... .......... 37%  320M 1s
  2550K .......... .......... .......... .......... .......... 38%  360M 1s
  2600K .......... .......... .......... .......... .......... 39%  320M 1s
  2650K .......... .......... .......... .......... .......... 40%  478M 1s
  2700K .......... .......... .......... .......... .......... 40%  342M 1s
  2750K .......... .......... .......... .......... .......... 41%  299M 1s
  2800K .......... .......... .......... .......... .......... 42%  261M 1s
  2850K .......... .......... .......... .......... .......... 42% 61.1M 1s
  2900K .......... .......... .......... .......... .......... 43%  335M 1s
  2950K .......... .......... .......... .......... .......... 44%  379M 1s
  3000K .......... .......... .......... .......... .......... 45%  447M 1s
  3050K .......... .......... .......... .......... .......... 45%  348M 1s
  3100K .......... .......... .......... .......... .......... 46%  468M 1s
  3150K .......... .......... .......... .......... .......... 47%  245M 1s
  3200K .......... .......... .......... .......... .......... 48%  319M 1s
  3250K .......... .......... .......... .......... .......... 48%  266M 1s
  3300K .......... .......... .......... .......... .......... 49%  470M 1s
  3350K .......... .......... .......... .......... .......... 50%  376M 1s
  3400K .......... .......... .......... .......... .......... 51%  294M 0s
  3450K .......... .......... .......... .......... .......... 51%  289M 0s
  3500K .......... .......... .......... .......... .......... 52% 1.39M 0s
  3550K .......... .......... .......... .......... .......... 53% 1.19M 1s
  3600K .......... .......... .......... .......... .......... 54%  636M 1s
  3650K .......... .......... .......... .......... .......... 54% 59.1M 0s
  3700K .......... .......... .......... .......... .......... 55% 52.1M 0s
  3750K .......... .......... .......... .......... .......... 56%  642M 0s
  3800K .......... .......... .......... .......... .......... 57% 68.9M 0s
  3850K .......... .......... .......... .......... .......... 57%  262M 0s
  3900K .......... .......... .......... .......... .......... 58% 28.7M 0s
  3950K .......... .......... .......... .......... .......... 59%  437M 0s
  4000K .......... .......... .......... .......... .......... 60%  676M 0s
  4050K .......... .......... .......... .......... .......... 60% 58.8M 0s
  4100K .......... .......... .......... .......... .......... 61%  363M 0s
  4150K .......... .......... .......... .......... .......... 62%  340M 0s
  4200K .......... .......... .......... .......... .......... 63%  397M 0s
  4250K .......... .......... .......... .......... .......... 63%  289M 0s
  4300K .......... .......... .......... .......... .......... 64%  237M 0s
  4350K .......... .......... .......... .......... .......... 65%  399M 0s
  4400K .......... .......... .......... .......... .......... 65%  402M 0s
  4450K .......... .......... .......... .......... .......... 66% 36.0M 0s
  4500K .......... .......... .......... .......... .......... 67%  501M 0s
  4550K .......... .......... .......... .......... .......... 68%  289M 0s
  4600K .......... .......... .......... .......... .......... 68%  464M 0s
  4650K .......... .......... .......... .......... .......... 69%  460M 0s
  4700K .......... .......... .......... .......... .......... 70%  426M 0s
  4750K .......... .......... .......... .......... .......... 71%  298M 0s
  4800K .......... .......... .......... .......... .......... 71% 20.1M 0s
  4850K .......... .......... .......... .......... .......... 72%  302M 0s
  4900K .......... .......... .......... .......... .......... 73%  642M 0s
  4950K .......... .......... .......... .......... .......... 74%  685M 0s
  5000K .......... .......... .......... .......... .......... 74% 16.5M 0s
  5050K .......... .......... .......... .......... .......... 75%  630M 0s
  5100K .......... .......... .......... .......... .......... 76%  639M 0s
  5150K .......... .......... .......... .......... .......... 77%  229M 0s
  5200K .......... .......... .......... .......... .......... 77%  593M 0s
  5250K .......... .......... .......... .......... .......... 78%  103M 0s
  5300K .......... .......... .......... .......... .......... 79%  230M 0s
  5350K .......... .......... .......... .......... .......... 80%  461M 0s
  5400K .......... .......... .......... .......... .......... 80%  397M 0s
  5450K .......... .......... .......... .......... .......... 81%  124M 0s
  5500K .......... .......... .......... .......... .......... 82%  519M 0s
  5550K .......... .......... .......... .......... .......... 83%  282M 0s
  5600K .......... .......... .......... .......... .......... 83%  414M 0s
  5650K .......... .......... .......... .......... .......... 84%  318M 0s
  5700K .......... .......... .......... .......... .......... 85%  214M 0s
  5750K .......... .......... .......... .......... .......... 85%  460M 0s
  5800K .......... .......... .......... .......... .......... 86%  222M 0s
  5850K .......... .......... .......... .......... .......... 87%  242M 0s
  5900K .......... .......... .......... .......... .......... 88%  416M 0s
  5950K .......... .......... .......... .......... .......... 88%  669M 0s
  6000K .......... .......... .......... .......... .......... 89%  306M 0s
  6050K .......... .......... .......... .......... .......... 90%  397M 0s
  6100K .......... .......... .......... .......... .......... 91%  280M 0s
  6150K .......... .......... .......... .......... .......... 91%  654M 0s
  6200K .......... .......... .......... .......... .......... 92%  546M 0s
  6250K .......... .......... .......... .......... .......... 93%  407M 0s
  6300K .......... .......... .......... .......... .......... 94%  430M 0s
  6350K .......... .......... .......... .......... .......... 94%  218M 0s
  6400K .......... .......... .......... .......... .......... 95% 43.5M 0s
  6450K .......... .......... .......... .......... .......... 96%  380M 0s
  6500K .......... .......... .......... .......... .......... 97%  670M 0s
  6550K .......... .......... .......... .......... .......... 97%  262M 0s
  6600K .......... .......... .......... .......... .......... 98%  295M 0s
  6650K .......... .......... .......... .......... .......... 99%  615M 0s
  6700K .......... .......... .......... .......... .....     100%  619M=0.6s

2025-10-20 12:14:57 (10.7 MB/s) - ‘feature-table.qza’ saved [6907631/6907631]

--2025-10-20 12:14:57--  https://docs.qiime2.org/jupyterbooks/cancer-microbiome-intervention-tutorial/data/030-tutorial-downstream/010-filtering/rep-seqs.qza
Resolving docs.qiime2.org (docs.qiime2.org)... 104.21.84.49, 172.67.186.144, 2606:4700:3035::6815:5431, ...
Connecting to docs.qiime2.org (docs.qiime2.org)|104.21.84.49|:443... connected.
HTTP request sent, awaiting response... 200 OK
Length: 1076460 (1.0M) [application/octet-stream]
Saving to: ‘rep-seqs.qza’

     0K .......... .......... .......... .......... ..........  4%  602K 2s
    50K .......... .......... .......... .......... ..........  9%  593K 2s
   100K .......... .......... .......... .......... .......... 14%  168M 1s
   150K .......... .......... .......... .......... .......... 19% 54.6M 1s
   200K .......... .......... .......... .......... .......... 23%  597K 1s
   250K .......... .......... .......... .......... .......... 28% 55.9M 1s
   300K .......... .......... .......... .......... .......... 33%  183M 1s
   350K .......... .......... .......... .......... .......... 38%  179M 0s
   400K .......... .......... .......... .......... .......... 42%  595K 0s
   450K .......... .......... .......... .......... .......... 47%  576M 0s
   500K .......... .......... .......... .......... .......... 52%  183M 0s
   550K .......... .......... .......... .......... .......... 57%  276M 0s
   600K .......... .......... .......... .......... .......... 61% 34.1M 0s
   650K .......... .......... .......... .......... .......... 66% 38.6M 0s
   700K .......... .......... .......... .......... .......... 71%  168M 0s
   750K .......... .......... .......... .......... .......... 76%  209M 0s
   800K .......... .......... .......... .......... .......... 80%  192M 0s
   850K .......... .......... .......... .......... .......... 85%  626K 0s
   900K .......... .......... .......... .......... .......... 90%  185M 0s
   950K .......... .......... .......... .......... .......... 95% 49.4M 0s
  1000K .......... .......... .......... .......... .......... 99%  281M 0s
  1050K .                                                     100% 2.29T=0.4s

2025-10-20 12:14:58 (2.43 MB/s) - ‘rep-seqs.qza’ saved [1076460/1076460]

/opt/conda/envs/qiime2-amplicon-2025.7/lib/python3.10/site-packages/q2_demux/_summarize/_visualizer.py:11: UserWarning: pkg_resources is deprecated as an API. See https://setuptools.pypa.io/en/latest/pkg_resources.html. The pkg_resources package is slated for removal as early as 2025-11-30. Refrain from using this package or pin to Setuptools<81.
  import pkg_resources
There was an issue with loading the file sample-metadata.tsv as metadata:

  Metadata file path doesn't exist, or the path points to something other than a file. Please check that the path exists, has read permissions, and points to a regular file (not a directory): sample-metadata.tsv

  There may be more errors present in the metadata file. To get a full report, sample/feature metadata files can be validated with Keemei: https://keemei.qiime2.org

  Find details on QIIME 2 metadata requirements here: https://docs.qiime2.org/2025.7/tutorials/metadata/

